[0m01:43:26.732002 [debug] [MainThread]: Sending event: {'category': 'dbt', 'action': 'invocation', 'label': 'start', 'context': [<snowplow_tracker.self_describing_json.SelfDescribingJson object at 0x00000244CCCA4A50>, <snowplow_tracker.self_describing_json.SelfDescribingJson object at 0x00000244CCCE2A10>, <snowplow_tracker.self_describing_json.SelfDescribingJson object at 0x00000244CCCE3190>]}


============================== 01:43:26.866919 | 6a3977fa-93df-4895-93b2-e2dbdd124044 ==============================
[0m01:43:26.866919 [info ] [MainThread]: Running with dbt=1.10.13
[0m01:43:26.867922 [debug] [MainThread]: running dbt with arguments {'partial_parse': 'True', 'profiles_dir': 'C:\\Users\\lenovo\\.dbt', 'send_anonymous_usage_stats': 'True', 'use_colors': 'True', 'cache_selected_only': 'False', 'target_path': 'None', 'warn_error': 'None', 'invocation_command': 'dbt debug', 'log_format': 'default', 'version_check': 'True', 'introspect': 'True', 'debug': 'False', 'log_cache_events': 'False', 'fail_fast': 'False', 'no_print': 'None', 'quiet': 'False', 'empty': 'None', 'printer_width': '80', 'use_experimental_parser': 'False', 'log_path': 'logs', 'indirect_selection': 'eager', 'write_json': 'True', 'warn_error_options': 'WarnErrorOptionsV2(error=[], warn=[], silence=[])', 'static_parser': 'True'}
[0m01:43:27.213311 [info ] [MainThread]: dbt version: 1.10.13
[0m01:43:27.214492 [info ] [MainThread]: python version: 3.11.9
[0m01:43:27.215498 [info ] [MainThread]: python path: E:\GitHub\maids-data-platform\.venv\Scripts\python.exe
[0m01:43:27.216535 [info ] [MainThread]: os info: Windows-10-10.0.26100-SP0
[0m01:43:28.159279 [info ] [MainThread]: Using profiles dir at C:\Users\lenovo\.dbt
[0m01:43:28.159868 [info ] [MainThread]: Using profiles.yml file at C:\Users\lenovo\.dbt\profiles.yml
[0m01:43:28.161045 [info ] [MainThread]: Using dbt_project.yml file at E:\GitHub\maids-data-platform\dbt_project.yml
[0m01:43:28.161676 [info ] [MainThread]: adapter type: snowflake
[0m01:43:28.162695 [info ] [MainThread]: adapter version: 1.10.2
[0m01:43:28.163691 [info ] [MainThread]: Configuration:
[0m01:43:28.164146 [info ] [MainThread]:   profiles.yml file [[32mOK found and valid[0m]
[0m01:43:28.165152 [info ] [MainThread]:   dbt_project.yml file [[31mERROR not found[0m]
[0m01:43:28.165152 [info ] [MainThread]: Required dependencies:
[0m01:43:28.166153 [debug] [MainThread]: Executing "git --help"
[0m01:43:28.211322 [debug] [MainThread]: STDOUT: "b"usage: git [-v | --version] [-h | --help] [-C <path>] [-c <name>=<value>]\n           [--exec-path[=<path>]] [--html-path] [--man-path] [--info-path]\n           [-p | --paginate | -P | --no-pager] [--no-replace-objects] [--no-lazy-fetch]\n           [--no-optional-locks] [--no-advice] [--bare] [--git-dir=<path>]\n           [--work-tree=<path>] [--namespace=<name>] [--config-env=<name>=<envvar>]\n           <command> [<args>]\n\nThese are common Git commands used in various situations:\n\nstart a working area (see also: git help tutorial)\n   clone      Clone a repository into a new directory\n   init       Create an empty Git repository or reinitialize an existing one\n\nwork on the current change (see also: git help everyday)\n   add        Add file contents to the index\n   mv         Move or rename a file, a directory, or a symlink\n   restore    Restore working tree files\n   rm         Remove files from the working tree and from the index\n\nexamine the history and state (see also: git help revisions)\n   bisect     Use binary search to find the commit that introduced a bug\n   diff       Show changes between commits, commit and working tree, etc\n   grep       Print lines matching a pattern\n   log        Show commit logs\n   show       Show various types of objects\n   status     Show the working tree status\n\ngrow, mark and tweak your common history\n   backfill   Download missing objects in a partial clone\n   branch     List, create, or delete branches\n   commit     Record changes to the repository\n   merge      Join two or more development histories together\n   rebase     Reapply commits on top of another base tip\n   reset      Reset current HEAD to the specified state\n   switch     Switch branches\n   tag        Create, list, delete or verify a tag object signed with GPG\n\ncollaborate (see also: git help workflows)\n   fetch      Download objects and refs from another repository\n   pull       Fetch from and integrate with another repository or a local branch\n   push       Update remote refs along with associated objects\n\n'git help -a' and 'git help -g' list available subcommands and some\nconcept guides. See 'git help <command>' or 'git help <concept>'\nto read about a specific subcommand or concept.\nSee 'git help git' for an overview of the system.\n""
[0m01:43:28.212407 [debug] [MainThread]: STDERR: "b''"
[0m01:43:28.212407 [info ] [MainThread]:  - git [[32mOK found[0m]

[0m01:43:28.213328 [info ] [MainThread]: Connection:
[0m01:43:28.214365 [info ] [MainThread]:   account: bjypbne-ev39241
[0m01:43:28.215329 [info ] [MainThread]:   user: ossamadomain
[0m01:43:28.216328 [info ] [MainThread]:   database: ANALYTICS
[0m01:43:28.217339 [info ] [MainThread]:   warehouse: WH_XS
[0m01:43:28.218347 [info ] [MainThread]:   role: ACCOUNTADMIN
[0m01:43:28.218347 [info ] [MainThread]:   schema: STAGING
[0m01:43:28.219852 [info ] [MainThread]:   authenticator: None
[0m01:43:28.220859 [info ] [MainThread]:   oauth_client_id: None
[0m01:43:28.221857 [info ] [MainThread]:   query_tag: None
[0m01:43:28.221857 [info ] [MainThread]:   client_session_keep_alive: True
[0m01:43:28.222859 [info ] [MainThread]:   host: None
[0m01:43:28.223858 [info ] [MainThread]:   port: None
[0m01:43:28.223858 [info ] [MainThread]:   proxy_host: None
[0m01:43:28.225867 [info ] [MainThread]:   proxy_port: None
[0m01:43:28.226946 [info ] [MainThread]:   protocol: None
[0m01:43:28.227859 [info ] [MainThread]:   connect_retries: 1
[0m01:43:28.227859 [info ] [MainThread]:   connect_timeout: None
[0m01:43:28.228857 [info ] [MainThread]:   retry_on_database_errors: False
[0m01:43:28.229860 [info ] [MainThread]:   retry_all: False
[0m01:43:28.230927 [info ] [MainThread]:   insecure_mode: False
[0m01:43:28.231928 [info ] [MainThread]:   reuse_connections: None
[0m01:43:28.232928 [info ] [MainThread]:   s3_stage_vpce_dns_name: None
[0m01:43:28.233932 [info ] [MainThread]: Registered adapter: snowflake=1.10.2
[0m01:43:28.654567 [debug] [MainThread]: Acquiring new snowflake connection 'debug'
[0m01:43:31.635250 [debug] [MainThread]: Using snowflake connection "debug"
[0m01:43:31.636249 [debug] [MainThread]: On debug: select 1 as id
[0m01:43:31.636249 [debug] [MainThread]: Opening a new connection, currently in state init
[0m01:43:34.276453 [debug] [MainThread]: SQL status: SUCCESS 1 in 2.639 seconds
[0m01:43:34.277454 [debug] [MainThread]: On debug: Close
[0m01:43:34.575490 [info ] [MainThread]:   Connection test: [[32mOK connection ok[0m]

[0m01:43:34.576507 [info ] [MainThread]: [31m1 check failed:[0m
[0m01:43:34.577447 [info ] [MainThread]: Project loading failed for the following reason:
 project path <E:\GitHub\maids-data-platform\dbt_project.yml> not found

[0m01:43:34.579489 [debug] [MainThread]: Command `dbt debug` failed at 01:43:34.579489 after 7.97 seconds
[0m01:43:34.579489 [debug] [MainThread]: Connection 'debug' was properly closed.
[0m01:43:34.580443 [debug] [MainThread]: Sending event: {'category': 'dbt', 'action': 'invocation', 'label': 'end', 'context': [<snowplow_tracker.self_describing_json.SelfDescribingJson object at 0x00000244CAE26950>, <snowplow_tracker.self_describing_json.SelfDescribingJson object at 0x00000244C6C644D0>, <snowplow_tracker.self_describing_json.SelfDescribingJson object at 0x00000244CCCE2B10>]}
[0m01:43:34.580443 [debug] [MainThread]: Flushing usage events
[0m01:43:35.315682 [debug] [MainThread]: An error was encountered while trying to flush usage events
[0m02:15:15.238256 [debug] [MainThread]: Sending event: {'category': 'dbt', 'action': 'invocation', 'label': 'start', 'context': [<snowplow_tracker.self_describing_json.SelfDescribingJson object at 0x000002E602B853D0>, <snowplow_tracker.self_describing_json.SelfDescribingJson object at 0x000002E602BE2990>, <snowplow_tracker.self_describing_json.SelfDescribingJson object at 0x000002E602B6DE90>]}


============================== 02:15:15.242277 | a018e4c5-98fc-416d-8cc1-a8b38fa02acc ==============================
[0m02:15:15.242277 [info ] [MainThread]: Running with dbt=1.10.13
[0m02:15:15.243261 [debug] [MainThread]: running dbt with arguments {'partial_parse': 'True', 'write_json': 'True', 'send_anonymous_usage_stats': 'True', 'warn_error': 'None', 'cache_selected_only': 'False', 'target_path': 'None', 'version_check': 'True', 'invocation_command': 'dbt run -s fact_bookings', 'log_format': 'default', 'use_colors': 'True', 'introspect': 'True', 'debug': 'False', 'printer_width': '80', 'fail_fast': 'False', 'no_print': 'None', 'empty': 'False', 'use_experimental_parser': 'False', 'quiet': 'False', 'log_cache_events': 'False', 'log_path': 'logs', 'indirect_selection': 'eager', 'profiles_dir': 'C:\\Users\\lenovo\\.dbt', 'warn_error_options': 'WarnErrorOptionsV2(error=[], warn=[], silence=[])', 'static_parser': 'True'}
[0m02:15:15.244261 [error] [MainThread]: Encountered an error:
Runtime Error
  No dbt_project.yml found at expected path E:\GitHub\maids-data-platform\dbt_project.yml
  Verify that each entry within packages.yml (and their transitive dependencies) contains a file named dbt_project.yml
  
[0m02:15:15.245963 [debug] [MainThread]: Command `dbt run` failed at 02:15:15.244922 after 0.12 seconds
[0m02:15:15.245963 [debug] [MainThread]: Sending event: {'category': 'dbt', 'action': 'invocation', 'label': 'end', 'context': [<snowplow_tracker.self_describing_json.SelfDescribingJson object at 0x000002E67C8E6C10>, <snowplow_tracker.self_describing_json.SelfDescribingJson object at 0x000002E602C07D90>, <snowplow_tracker.self_describing_json.SelfDescribingJson object at 0x000002E602C07F10>]}
[0m02:15:15.246935 [debug] [MainThread]: Flushing usage events
[0m02:15:15.993898 [debug] [MainThread]: An error was encountered while trying to flush usage events
[0m02:15:37.618383 [debug] [MainThread]: Sending event: {'category': 'dbt', 'action': 'invocation', 'label': 'start', 'context': [<snowplow_tracker.self_describing_json.SelfDescribingJson object at 0x000002115670CF90>, <snowplow_tracker.self_describing_json.SelfDescribingJson object at 0x000002115B9B55D0>, <snowplow_tracker.self_describing_json.SelfDescribingJson object at 0x000002115B96C610>]}


============================== 02:15:37.622483 | 0ca843a6-1afb-40fc-8a18-efc8614827b8 ==============================
[0m02:15:37.622483 [info ] [MainThread]: Running with dbt=1.10.13
[0m02:15:37.623392 [debug] [MainThread]: running dbt with arguments {'partial_parse': 'True', 'write_json': 'True', 'send_anonymous_usage_stats': 'True', 'use_colors': 'True', 'cache_selected_only': 'False', 'target_path': 'None', 'version_check': 'True', 'invocation_command': 'dbt run -s metrics_daily anomalies_daily', 'log_format': 'default', 'warn_error': 'None', 'introspect': 'True', 'debug': 'False', 'printer_width': '80', 'fail_fast': 'False', 'no_print': 'None', 'empty': 'False', 'quiet': 'False', 'use_experimental_parser': 'False', 'log_cache_events': 'False', 'log_path': 'logs', 'indirect_selection': 'eager', 'profiles_dir': 'C:\\Users\\lenovo\\.dbt', 'static_parser': 'True', 'warn_error_options': 'WarnErrorOptionsV2(error=[], warn=[], silence=[])'}
[0m02:15:37.624389 [error] [MainThread]: Encountered an error:
Runtime Error
  No dbt_project.yml found at expected path E:\GitHub\maids-data-platform\dbt_project.yml
  Verify that each entry within packages.yml (and their transitive dependencies) contains a file named dbt_project.yml
  
[0m02:15:37.625390 [debug] [MainThread]: Command `dbt run` failed at 02:15:37.625390 after 0.12 seconds
[0m02:15:37.626390 [debug] [MainThread]: Sending event: {'category': 'dbt', 'action': 'invocation', 'label': 'end', 'context': [<snowplow_tracker.self_describing_json.SelfDescribingJson object at 0x000002115BA07BD0>, <snowplow_tracker.self_describing_json.SelfDescribingJson object at 0x000002115B750ED0>, <snowplow_tracker.self_describing_json.SelfDescribingJson object at 0x000002115B9B5950>]}
[0m02:15:37.627390 [debug] [MainThread]: Flushing usage events
[0m02:15:38.193444 [debug] [MainThread]: An error was encountered while trying to flush usage events
